2020-09-27 15:05:20.673958 (MainThread): Done resetting log handlers.
2020-09-27 15:05:20.674007 (MainThread): Received response from rpc task.
2020-09-27 15:05:20.674039 (MainThread): Updating status to Paused
2020-09-27 15:05:21.340686 (MainThread): reported 12 traces in 0.00394s, 2 additional messages skipped
2020-09-27 15:05:21.340845 (MainThread): initialized RateSampler, sample 100% of traces, 95 additional messages skipped
2020-09-27 15:09:11.300867 (MainThread): Caught sighup
2020-09-27 15:09:11.907813 (MainThread): Updating status to Ready
2020-09-27 15:09:11.909154 (MainThread): ignoring not number metric _dd1.sr.eausr:None, 19 additional messages skipped
2020-09-27 15:09:11.910107 (MainThread): writing 2 spans (enabled:True), 11 additional messages skipped
2020-09-27 15:09:11.910202 (MainThread): 
      name postgres.query
        id 5620042394952099844
  trace_id 7329693679140028889
 parent_id None
   service defaultdb
  resource SELECT "develop_request"."id", "develop_request"."user_id", "develop_request"."status", "develop_request"."environment_id", "develop_request"."project_id", "develop_request"."account_id", "develop_request"."status_message", "develop_request"."dbt_version", "develop_request"."container_version", "develop_request"."created_at", "develop_request"."updated_at", "develop_request"."last_request_at", "develop_request"."environment_setup_started_at", "develop_request"."profile_setup_started_at", "develop_request"."deps_setup_started_at", "develop_request"."running_at", "develop_request"."ready_at", "develop_request"."stopping_at", "develop_request"."stopped_at" FROM "develop_request" WHERE "develop_request"."id" = %s FOR UPDATE
      type sql
     start 1601219351.90894
       end 1601219351.910005
  duration 0.001065s
     error 0
      tags 
           django.db.alias:default
           django.db.vendor:postgresql
           runtime-id:7e36ebb93cc14dd8bd6614809d83e421, 21 additional messages skipped
2020-09-27 15:09:11.918453 (MainThread): Kicking off rpc task.
2020-09-27 15:09:11.918505 (MainThread): dbt client called with ['--partial-parse', 'rpc', '--profile', 'user']
2020-09-27 15:09:11.920099 (MainThread): Setting up log handlers...
2020-09-27 15:09:11.931674 (MainThread): Running with dbt=0.17.2
2020-09-27 15:09:12.184853 (MainThread): running dbt with arguments Namespace(cls=<class 'dbt.task.rpc.server.RPCServerTask'>, debug=False, exclude=None, host='0.0.0.0', log_cache_events=False, log_format='default', models=None, partial_parse=True, port=8580, profile='user', profiles_dir='/usr/src/develop/.dbt', project_dir=None, record_timing_info=None, rpc_method=None, single_threaded=False, strict=False, target=None, test_new_parser=False, threads=None, use_cache=True, vars='{}', version_check=True, warn_error=False, which='rpc', write_json=True)
2020-09-27 15:09:12.210850 (MainThread): Tracking: tracking
2020-09-27 15:09:12.211032 (MainThread): Sending event: {'category': 'dbt', 'action': 'invocation', 'label': 'start', 'context': [<snowplow_tracker.self_describing_json.SelfDescribingJson object at 0x7fa51da328d0>, <snowplow_tracker.self_describing_json.SelfDescribingJson object at 0x7fa50cca7a20>, <snowplow_tracker.self_describing_json.SelfDescribingJson object at 0x7fa50cca72b0>]}
2020-09-27 15:09:12.211315 (MainThread): Serving RPC server at 0.0.0.0:8580, pid=13
2020-09-27 15:09:12.212121 (MainThread): Supported methods: ['cli_args', 'compile', 'compile_sql', 'deps', 'docs.generate', 'gc', 'get-manifest', 'kill', 'poll', 'ps', 'run', 'run-operation', 'run_sql', 'seed', 'snapshot', 'snapshot-freshness', 'status', 'test']
2020-09-27 15:09:12.212515 (MainThread): Send requests to http://localhost:8580/jsonrpc
2020-09-27 15:09:12.214308 (Thread-1): Parsing macros/core.sql
2020-09-27 15:09:12.219115 (Thread-1): Parsing macros/materializations/helpers.sql
2020-09-27 15:09:12.227662 (Thread-1): Parsing macros/materializations/common/merge.sql
2020-09-27 15:09:12.242200 (Thread-1): Parsing macros/materializations/table/table.sql
2020-09-27 15:09:12.249073 (Thread-1): Parsing macros/materializations/view/create_or_replace_view.sql
2020-09-27 15:09:12.254123 (Thread-1): Parsing macros/materializations/view/view.sql
2020-09-27 15:09:12.260682 (Thread-1): Parsing macros/materializations/snapshot/snapshot.sql
2020-09-27 15:09:12.290820 (Thread-1): Parsing macros/materializations/snapshot/strategies.sql
2020-09-27 15:09:12.309396 (Thread-1): Parsing macros/materializations/snapshot/snapshot_merge.sql
2020-09-27 15:09:12.311288 (Thread-1): Parsing macros/materializations/seed/seed.sql
2020-09-27 15:09:12.333042 (Thread-1): Parsing macros/materializations/incremental/incremental.sql
2020-09-27 15:09:12.339523 (Thread-1): Parsing macros/materializations/incremental/helpers.sql
2020-09-27 15:09:12.341504 (Thread-1): Parsing macros/etc/query.sql
2020-09-27 15:09:12.342764 (Thread-1): Parsing macros/etc/get_custom_schema.sql
2020-09-27 15:09:12.344991 (Thread-1): Parsing macros/etc/get_custom_alias.sql
2020-09-27 15:09:12.346018 (Thread-1): Parsing macros/etc/datetime.sql
2020-09-27 15:09:12.355183 (Thread-1): Parsing macros/etc/get_custom_database.sql
2020-09-27 15:09:12.356920 (Thread-1): Parsing macros/etc/is_incremental.sql
2020-09-27 15:09:12.358650 (Thread-1): Parsing macros/adapters/common.sql
2020-09-27 15:09:12.411518 (Thread-1): Parsing macros/schema_tests/relationships.sql
2020-09-27 15:09:12.411848 (AgentWriter): reported 40 traces in 0.03770s
2020-09-27 15:09:12.414431 (AgentWriter): initialized RateSampler, sample 100% of traces, 31 additional messages skipped
2020-09-27 15:09:12.415814 (Thread-1): Parsing macros/schema_tests/unique.sql
2020-09-27 15:09:12.417091 (Thread-1): Parsing macros/schema_tests/accepted_values.sql
2020-09-27 15:09:12.419164 (Thread-1): Parsing macros/schema_tests/not_null.sql
2020-09-27 15:09:12.420484 (Thread-1): Parsing macros/adapters.sql
2020-09-27 15:09:12.437437 (Thread-1): Parsing macros/catalog.sql
2020-09-27 15:09:12.443703 (Thread-1): Parsing macros/etc.sql
2020-09-27 15:09:12.444453 (Thread-1): Parsing macros/materializations/incremental.sql
2020-09-27 15:09:12.457774 (Thread-1): Parsing macros/materializations/snapshot.sql
2020-09-27 15:09:12.459705 (Thread-1): Parsing macros/materializations/seed.sql
2020-09-27 15:09:12.462512 (Thread-1): Parsing macros/materializations/table.sql
2020-09-27 15:09:12.472662 (Thread-1): Parsing macros/materializations/view.sql
2020-09-27 15:09:12.546744 (Thread-1): Acquiring new bigquery connection "model.hubspot.events".
2020-09-27 15:09:12.546909 (Thread-1): Opening a new connection, currently in state init
2020-09-27 15:09:12.734569 (Thread-1): WARNING: Configuration paths exist in your dbt_project.yml file which do not apply to any resources.
There are 1 unused configuration paths:
- models.base

2020-09-27 15:09:13.401979 (Thread-2): handling status request
2020-09-27 15:09:13.402481 (Thread-2): Sending event: {'category': 'dbt', 'action': 'rpc_request', 'label': '27e7380c-b0a4-40fa-a943-feae0a06616b', 'context': [<snowplow_tracker.self_describing_json.SelfDescribingJson object at 0x7fa507313630>]}
2020-09-27 15:09:13.407729 (Thread-2): sending response (<Response 9588 bytes [200 OK]>) to 10.0.44.9
2020-09-27 15:09:17.825445 (Thread-3): handling status request
2020-09-27 15:09:17.827359 (Thread-3): Sending event: {'category': 'dbt', 'action': 'rpc_request', 'label': '27e7380c-b0a4-40fa-a943-feae0a06616b', 'context': [<snowplow_tracker.self_describing_json.SelfDescribingJson object at 0x7fa5072cf470>]}
2020-09-27 15:09:17.831362 (Thread-3): sending response (<Response 9588 bytes [200 OK]>) to 10.0.38.179
2020-09-27 15:09:18.136205 (Thread-4): handling run_sql request
2020-09-27 15:09:18.136679 (Thread-4): Sending event: {'category': 'dbt', 'action': 'rpc_request', 'label': '27e7380c-b0a4-40fa-a943-feae0a06616b', 'context': [<snowplow_tracker.self_describing_json.SelfDescribingJson object at 0x7fa5072d8710>]}
2020-09-27 15:09:18.139919 (Thread-4): Connection 'model.hubspot.events' was properly closed.
2020-09-27 15:09:19.157235 (Thread-4): sending response (<Response 137 bytes [200 OK]>) to 10.0.3.121
2020-09-27 15:09:19.177954 (MainThread): Acquiring new bigquery connection "rpc.hubspot.request".
2020-09-27 15:09:19.178384 (MainThread): Opening a new connection, currently in state init
2020-09-27 15:09:19.210827 (MainThread): Found 1 model, 0 tests, 0 snapshots, 0 analyses, 147 macros, 0 operations, 0 seed files, 0 sources
2020-09-27 15:09:19.211489 (Thread-1): Acquiring new bigquery connection "rpc.hubspot.request".
2020-09-27 15:09:19.211598 (Thread-1): Opening a new connection, currently in state init
2020-09-27 15:09:19.211679 (Thread-1): Compiling rpc.hubspot.request
2020-09-27 15:09:19.226230 (Thread-1): finished collecting timing info
2020-09-27 15:09:19.227100 (Thread-1): On rpc.hubspot.request: SELECT format_date( "%Y%m%d" ,date_add(PARSE_DATE("%Y%m%d",event_date), interval (select date_diff(current_date, PARSE_DATE("%Y%m%d",max(event_date)),day) FROM `bamboodata-project.analytics_220006363.events_an_purchases`) day)) event_date, 
       event_timestamp + (select date_diff(current_date, PARSE_DATE("%Y%m%d",max(event_date)),day) FROM `bamboodata-project.analytics_220006363.events_an_purchases`) * 3600*24*1000000 as event_timestamp,
       user_first_touch_timestamp + (select date_diff(current_date, PARSE_DATE("%Y%m%d",max(event_date)),day) FROM `bamboodata-project.analytics_220006363.events_an_purchases`) * 3600*24*1000000 as user_first_touch_timestamp,

* EXCEPT(event_date, event_timestamp, user_first_touch_timestamp)
FROM `.analytics_220006363.events_an_purchases`
order by event_timestamp desc


limit 100
2020-09-27 15:09:19.481746 (Thread-5): handling poll request
2020-09-27 15:09:19.482317 (Thread-5): Sending event: {'category': 'dbt', 'action': 'rpc_request', 'label': '27e7380c-b0a4-40fa-a943-feae0a06616b', 'context': [<snowplow_tracker.self_describing_json.SelfDescribingJson object at 0x7fa50732fdd8>]}
2020-09-27 15:09:19.486175 (Thread-5): sending response (<Response 3632 bytes [200 OK]>) to 10.0.38.179
2020-09-27 15:09:20.942065 (Thread-6): handling poll request
2020-09-27 15:09:20.942560 (Thread-6): Sending event: {'category': 'dbt', 'action': 'rpc_request', 'label': '27e7380c-b0a4-40fa-a943-feae0a06616b', 'context': [<snowplow_tracker.self_describing_json.SelfDescribingJson object at 0x7fa5072e2eb8>]}
2020-09-27 15:09:20.943586 (Thread-6): sending response (<Response 384 bytes [200 OK]>) to 10.0.47.163
2020-09-27 15:09:22.314293 (Thread-7): handling poll request
2020-09-27 15:09:22.316052 (Thread-7): Sending event: {'category': 'dbt', 'action': 'rpc_request', 'label': '27e7380c-b0a4-40fa-a943-feae0a06616b', 'context': [<snowplow_tracker.self_describing_json.SelfDescribingJson object at 0x7fa5072f0080>]}
2020-09-27 15:09:22.317082 (Thread-7): sending response (<Response 383 bytes [200 OK]>) to 10.0.47.163
2020-09-27 15:09:23.743210 (Thread-8): handling poll request
2020-09-27 15:09:23.743691 (Thread-8): Sending event: {'category': 'dbt', 'action': 'rpc_request', 'label': '27e7380c-b0a4-40fa-a943-feae0a06616b', 'context': [<snowplow_tracker.self_describing_json.SelfDescribingJson object at 0x7fa5072f09b0>]}
2020-09-27 15:09:23.744673 (Thread-8): sending response (<Response 384 bytes [200 OK]>) to 10.0.2.56
2020-09-27 15:09:25.186784 (Thread-9): handling poll request
2020-09-27 15:09:25.187274 (Thread-9): Sending event: {'category': 'dbt', 'action': 'rpc_request', 'label': '27e7380c-b0a4-40fa-a943-feae0a06616b', 'context': [<snowplow_tracker.self_describing_json.SelfDescribingJson object at 0x7fa5072f09b0>]}
2020-09-27 15:09:25.188289 (Thread-9): sending response (<Response 384 bytes [200 OK]>) to 10.0.38.51
2020-09-27 15:09:25.833171 (Thread-1): finished collecting timing info
2020-09-27 15:09:26.616493 (Thread-10): handling poll request
2020-09-27 15:09:26.617063 (Thread-10): Sending event: {'category': 'dbt', 'action': 'rpc_request', 'label': '27e7380c-b0a4-40fa-a943-feae0a06616b', 'context': [<snowplow_tracker.self_describing_json.SelfDescribingJson object at 0x7fa5072f05c0>]}
2020-09-27 15:09:26.624203 (Thread-10): sending response (<Response 233596 bytes [200 OK]>) to 10.0.2.56
2020-09-27 15:09:44.693765 (Thread-11): handling status request
2020-09-27 15:09:44.695623 (Thread-11): Sending event: {'category': 'dbt', 'action': 'rpc_request', 'label': '27e7380c-b0a4-40fa-a943-feae0a06616b', 'context': [<snowplow_tracker.self_describing_json.SelfDescribingJson object at 0x7fa5072f32b0>]}
2020-09-27 15:09:44.699712 (Thread-11): sending response (<Response 9588 bytes [200 OK]>) to 10.0.17.64
2020-09-27 15:09:44.838630 (Thread-12): handling status request
2020-09-27 15:09:44.839122 (Thread-12): Sending event: {'category': 'dbt', 'action': 'rpc_request', 'label': '27e7380c-b0a4-40fa-a943-feae0a06616b', 'context': [<snowplow_tracker.self_describing_json.SelfDescribingJson object at 0x7fa506aa5048>]}
2020-09-27 15:09:44.843157 (Thread-12): sending response (<Response 9588 bytes [200 OK]>) to 10.0.17.64
2020-09-27 15:09:45.155810 (Thread-13): handling cli_args request
2020-09-27 15:09:45.156514 (Thread-13): Sending event: {'category': 'dbt', 'action': 'rpc_request', 'label': '27e7380c-b0a4-40fa-a943-feae0a06616b', 'context': [<snowplow_tracker.self_describing_json.SelfDescribingJson object at 0x7fa506aba358>]}
2020-09-27 15:09:46.115426 (Thread-13): sending response (<Response 137 bytes [200 OK]>) to 10.0.47.163
2020-09-27 15:09:46.175197 (MainThread): Partial parsing not enabled
2020-09-27 15:09:46.177280 (MainThread): Parsing macros/core.sql
2020-09-27 15:09:46.182069 (MainThread): Parsing macros/materializations/helpers.sql
2020-09-27 15:09:46.190480 (MainThread): Parsing macros/materializations/common/merge.sql
2020-09-27 15:09:46.204982 (MainThread): Parsing macros/materializations/table/table.sql
2020-09-27 15:09:46.211869 (MainThread): Parsing macros/materializations/view/create_or_replace_view.sql
2020-09-27 15:09:46.216975 (MainThread): Parsing macros/materializations/view/view.sql
2020-09-27 15:09:46.223544 (MainThread): Parsing macros/materializations/snapshot/snapshot.sql
2020-09-27 15:09:46.252657 (MainThread): Parsing macros/materializations/snapshot/strategies.sql
2020-09-27 15:09:46.270218 (MainThread): Parsing macros/materializations/snapshot/snapshot_merge.sql
2020-09-27 15:09:46.272167 (MainThread): Parsing macros/materializations/seed/seed.sql
2020-09-27 15:09:46.294508 (MainThread): Parsing macros/materializations/incremental/incremental.sql
2020-09-27 15:09:46.301183 (MainThread): Parsing macros/materializations/incremental/helpers.sql
2020-09-27 15:09:46.303279 (MainThread): Parsing macros/etc/query.sql
2020-09-27 15:09:46.304821 (MainThread): Parsing macros/etc/get_custom_schema.sql
2020-09-27 15:09:46.308067 (MainThread): Parsing macros/etc/get_custom_alias.sql
2020-09-27 15:09:46.309449 (MainThread): Parsing macros/etc/datetime.sql
2020-09-27 15:09:46.318798 (MainThread): Parsing macros/etc/get_custom_database.sql
2020-09-27 15:09:46.320584 (MainThread): Parsing macros/etc/is_incremental.sql
2020-09-27 15:09:46.322393 (MainThread): Parsing macros/adapters/common.sql
2020-09-27 15:09:46.373874 (MainThread): Parsing macros/schema_tests/relationships.sql
2020-09-27 15:09:46.375293 (MainThread): Parsing macros/schema_tests/unique.sql
2020-09-27 15:09:46.376528 (MainThread): Parsing macros/schema_tests/accepted_values.sql
2020-09-27 15:09:46.378673 (MainThread): Parsing macros/schema_tests/not_null.sql
2020-09-27 15:09:46.379973 (MainThread): Parsing macros/adapters.sql
2020-09-27 15:09:46.397004 (MainThread): Parsing macros/catalog.sql
2020-09-27 15:09:46.403376 (MainThread): Parsing macros/etc.sql
2020-09-27 15:09:46.404221 (MainThread): Parsing macros/materializations/incremental.sql
2020-09-27 15:09:46.417618 (MainThread): Parsing macros/materializations/snapshot.sql
2020-09-27 15:09:46.419607 (MainThread): Parsing macros/materializations/seed.sql
2020-09-27 15:09:46.422564 (MainThread): Parsing macros/materializations/table.sql
2020-09-27 15:09:46.432845 (MainThread): Parsing macros/materializations/view.sql
2020-09-27 15:09:46.438463 (MainThread): Partial parsing not enabled
2020-09-27 15:09:46.483267 (MainThread): Acquiring new bigquery connection "model.hubspot.events".
2020-09-27 15:09:46.483400 (MainThread): Opening a new connection, currently in state init
2020-09-27 15:09:46.530017 (Thread-14): handling poll request
2020-09-27 15:09:46.530548 (Thread-14): Sending event: {'category': 'dbt', 'action': 'rpc_request', 'label': '27e7380c-b0a4-40fa-a943-feae0a06616b', 'context': [<snowplow_tracker.self_describing_json.SelfDescribingJson object at 0x7fa506a49518>]}
2020-09-27 15:09:46.535455 (Thread-14): sending response (<Response 9904 bytes [200 OK]>) to 10.0.27.68
2020-09-27 15:09:46.691231 (MainThread): WARNING: Configuration paths exist in your dbt_project.yml file which do not apply to any resources.
There are 1 unused configuration paths:
- models.base

2020-09-27 15:09:46.703336 (MainThread): Found 1 model, 0 tests, 0 snapshots, 0 analyses, 147 macros, 0 operations, 0 seed files, 0 sources
2020-09-27 15:09:46.703824 (MainThread): WARNING: Nothing to do. Try checking your model configs and model specification args
2020-09-27 15:09:47.883739 (Thread-15): handling poll request
2020-09-27 15:09:47.884403 (Thread-15): Sending event: {'category': 'dbt', 'action': 'rpc_request', 'label': '27e7380c-b0a4-40fa-a943-feae0a06616b', 'context': [<snowplow_tracker.self_describing_json.SelfDescribingJson object at 0x7fa506a4f518>]}
2020-09-27 15:09:47.886439 (Thread-15): sending response (<Response 1455 bytes [200 OK]>) to 10.0.34.126
2020-09-27 15:09:48.218729 (Thread-16): handling status request
2020-09-27 15:09:48.219237 (Thread-16): Sending event: {'category': 'dbt', 'action': 'rpc_request', 'label': '27e7380c-b0a4-40fa-a943-feae0a06616b', 'context': [<snowplow_tracker.self_describing_json.SelfDescribingJson object at 0x7fa506a4d630>]}
2020-09-27 15:09:48.225002 (Thread-16): sending response (<Response 9588 bytes [200 OK]>) to 10.0.12.156
2020-09-27 15:10:25.747078 (MainThread): writing 1 spans (enabled:True), 50 additional messages skipped
2020-09-27 15:10:25.747299 (MainThread): 
      name jinja2.compile
        id 837104983208925768
  trace_id 13810474587998004565
 parent_id None
   service None
  resource <memory>
      type template
     start 1601219425.7460768
       end 1601219425.7468238
  duration 0.000747s
     error 0
      tags 
           jinja2.template_name:<memory>
           runtime-id:7e36ebb93cc14dd8bd6614809d83e421, 55 additional messages skipped
2020-09-27 15:10:25.815791 (Thread-17): project hash mismatch: values missing, cache invalidated: {'bamboodata'}
2020-09-27 15:10:25.856338 (Thread-17): Acquiring new bigquery connection "model.bamboodata.events".
2020-09-27 15:10:25.856493 (Thread-17): Opening a new connection, currently in state init
2020-09-27 15:10:26.060260 (Thread-17): WARNING: Configuration paths exist in your dbt_project.yml file which do not apply to any resources.
There are 1 unused configuration paths:
- models.base

2020-09-27 15:10:26.243752 (Thread-18): handling status request
2020-09-27 15:10:26.244235 (Thread-18): Sending event: {'category': 'dbt', 'action': 'rpc_request', 'label': '27e7380c-b0a4-40fa-a943-feae0a06616b', 'context': [<snowplow_tracker.self_describing_json.SelfDescribingJson object at 0x7fa506913b00>]}
2020-09-27 15:10:26.245590 (Thread-18): sending response (<Response 1464 bytes [200 OK]>) to 10.0.47.163
2020-09-27 15:10:26.435701 (AgentWriter): reported 35 traces in 0.00502s, 1 additional messages skipped
2020-09-27 15:10:26.435939 (AgentWriter): initialized RateSampler, sample 100% of traces, 63 additional messages skipped
2020-09-27 15:10:29.026379 (Thread-19): handling status request
2020-09-27 15:10:29.028195 (Thread-19): Sending event: {'category': 'dbt', 'action': 'rpc_request', 'label': '27e7380c-b0a4-40fa-a943-feae0a06616b', 'context': [<snowplow_tracker.self_describing_json.SelfDescribingJson object at 0x7fa5075d05c0>]}
2020-09-27 15:10:29.029888 (Thread-19): sending response (<Response 1464 bytes [200 OK]>) to 10.0.12.156
2020-09-27 15:10:29.187676 (Thread-20): handling status request
2020-09-27 15:10:29.188164 (Thread-20): Sending event: {'category': 'dbt', 'action': 'rpc_request', 'label': '27e7380c-b0a4-40fa-a943-feae0a06616b', 'context': [<snowplow_tracker.self_describing_json.SelfDescribingJson object at 0x7fa5069e69b0>]}
2020-09-27 15:10:29.189428 (Thread-20): sending response (<Response 1464 bytes [200 OK]>) to 10.0.44.9
2020-09-27 15:10:29.630250 (Thread-21): handling cli_args request
2020-09-27 15:10:29.630737 (Thread-21): Sending event: {'category': 'dbt', 'action': 'rpc_request', 'label': '27e7380c-b0a4-40fa-a943-feae0a06616b', 'context': [<snowplow_tracker.self_describing_json.SelfDescribingJson object at 0x7fa5069640b8>]}
2020-09-27 15:10:29.639106 (Thread-21): Connection 'model.bamboodata.events' was properly closed.
2020-09-27 15:10:30.576931 (Thread-21): sending response (<Response 137 bytes [200 OK]>) to 10.0.5.150
2020-09-27 15:10:30.639380 (MainThread): Partial parsing not enabled
2020-09-27 15:10:30.641460 (MainThread): Parsing macros/core.sql
2020-09-27 15:10:30.646299 (MainThread): Parsing macros/materializations/helpers.sql
2020-09-27 15:10:30.654688 (MainThread): Parsing macros/materializations/common/merge.sql
2020-09-27 15:10:30.669260 (MainThread): Parsing macros/materializations/table/table.sql
2020-09-27 15:10:30.676235 (MainThread): Parsing macros/materializations/view/create_or_replace_view.sql
2020-09-27 15:10:30.681463 (MainThread): Parsing macros/materializations/view/view.sql
2020-09-27 15:10:30.688163 (MainThread): Parsing macros/materializations/snapshot/snapshot.sql
2020-09-27 15:10:30.716980 (MainThread): Parsing macros/materializations/snapshot/strategies.sql
2020-09-27 15:10:30.734098 (MainThread): Parsing macros/materializations/snapshot/snapshot_merge.sql
2020-09-27 15:10:30.736053 (MainThread): Parsing macros/materializations/seed/seed.sql
2020-09-27 15:10:30.758063 (MainThread): Parsing macros/materializations/incremental/incremental.sql
2020-09-27 15:10:30.764558 (MainThread): Parsing macros/materializations/incremental/helpers.sql
2020-09-27 15:10:30.766674 (MainThread): Parsing macros/etc/query.sql
2020-09-27 15:10:30.767914 (MainThread): Parsing macros/etc/get_custom_schema.sql
2020-09-27 15:10:30.770206 (MainThread): Parsing macros/etc/get_custom_alias.sql
2020-09-27 15:10:30.771354 (MainThread): Parsing macros/etc/datetime.sql
2020-09-27 15:10:30.780959 (MainThread): Parsing macros/etc/get_custom_database.sql
2020-09-27 15:10:30.782790 (MainThread): Parsing macros/etc/is_incremental.sql
2020-09-27 15:10:30.784574 (MainThread): Parsing macros/adapters/common.sql
2020-09-27 15:10:30.835108 (MainThread): Parsing macros/schema_tests/relationships.sql
2020-09-27 15:10:30.836499 (MainThread): Parsing macros/schema_tests/unique.sql
2020-09-27 15:10:30.837837 (MainThread): Parsing macros/schema_tests/accepted_values.sql
2020-09-27 15:10:30.839976 (MainThread): Parsing macros/schema_tests/not_null.sql
2020-09-27 15:10:30.841362 (MainThread): Parsing macros/adapters.sql
2020-09-27 15:10:30.858608 (MainThread): Parsing macros/catalog.sql
2020-09-27 15:10:30.865091 (MainThread): Parsing macros/etc.sql
2020-09-27 15:10:30.865919 (MainThread): Parsing macros/materializations/incremental.sql
2020-09-27 15:10:30.879402 (MainThread): Parsing macros/materializations/snapshot.sql
2020-09-27 15:10:30.881500 (MainThread): Parsing macros/materializations/seed.sql
2020-09-27 15:10:30.884371 (MainThread): Parsing macros/materializations/table.sql
2020-09-27 15:10:30.894584 (MainThread): Parsing macros/materializations/view.sql
2020-09-27 15:10:30.900416 (MainThread): Partial parsing not enabled
2020-09-27 15:10:30.945733 (MainThread): Acquiring new bigquery connection "model.bamboodata.events".
2020-09-27 15:10:30.945862 (MainThread): Opening a new connection, currently in state init
2020-09-27 15:10:31.028648 (Thread-22): handling poll request
2020-09-27 15:10:31.029294 (Thread-22): Sending event: {'category': 'dbt', 'action': 'rpc_request', 'label': '27e7380c-b0a4-40fa-a943-feae0a06616b', 'context': [<snowplow_tracker.self_describing_json.SelfDescribingJson object at 0x7fa5068cda20>]}
2020-09-27 15:10:31.036103 (Thread-22): sending response (<Response 9907 bytes [200 OK]>) to 10.0.34.126
2020-09-27 15:10:31.115538 (MainThread): WARNING: Configuration paths exist in your dbt_project.yml file which do not apply to any resources.
There are 1 unused configuration paths:
- models.base

2020-09-27 15:10:31.134326 (MainThread): Found 1 model, 0 tests, 0 snapshots, 0 analyses, 147 macros, 0 operations, 0 seed files, 0 sources
2020-09-27 15:10:31.134863 (MainThread): WARNING: Nothing to do. Try checking your model configs and model specification args
2020-09-27 15:10:32.545877 (Thread-23): handling poll request
2020-09-27 15:10:32.546520 (Thread-23): Sending event: {'category': 'dbt', 'action': 'rpc_request', 'label': '27e7380c-b0a4-40fa-a943-feae0a06616b', 'context': [<snowplow_tracker.self_describing_json.SelfDescribingJson object at 0x7fa5075d0f98>]}
2020-09-27 15:10:32.548424 (Thread-23): sending response (<Response 1455 bytes [200 OK]>) to 10.0.38.179
2020-09-27 15:10:33.018732 (Thread-24): handling status request
2020-09-27 15:10:33.019231 (Thread-24): Sending event: {'category': 'dbt', 'action': 'rpc_request', 'label': '27e7380c-b0a4-40fa-a943-feae0a06616b', 'context': [<snowplow_tracker.self_describing_json.SelfDescribingJson object at 0x7fa506a4dd68>]}
2020-09-27 15:10:33.020492 (Thread-24): sending response (<Response 1464 bytes [200 OK]>) to 10.0.17.64
2020-09-27 15:12:24.146063 (Thread-25): handling status request
2020-09-27 15:12:24.147769 (Thread-25): Sending event: {'category': 'dbt', 'action': 'rpc_request', 'label': '27e7380c-b0a4-40fa-a943-feae0a06616b', 'context': [<snowplow_tracker.self_describing_json.SelfDescribingJson object at 0x7fa5068cd320>]}
2020-09-27 15:12:24.149000 (Thread-25): sending response (<Response 1464 bytes [200 OK]>) to 10.0.17.64
2020-09-27 15:12:28.951403 (MainThread): writing 1 spans (enabled:True), 34 additional messages skipped
2020-09-27 15:12:28.952926 (MainThread): 
      name jinja2.compile
        id 13868333548120498845
  trace_id 11027988821577780477
 parent_id None
   service None
  resource <memory>
      type template
     start 1601219548.950441
       end 1601219548.9511688
  duration 0.000728s
     error 0
      tags 
           jinja2.template_name:<memory>
           runtime-id:7e36ebb93cc14dd8bd6614809d83e421, 34 additional messages skipped
2020-09-27 15:12:29.051124 (Thread-26): Acquiring new bigquery connection "model.bamboodata.events".
2020-09-27 15:12:29.051288 (Thread-26): Opening a new connection, currently in state init
2020-09-27 15:12:29.304785 (Thread-26): WARNING: Configuration paths exist in your dbt_project.yml file which do not apply to any resources.
There are 1 unused configuration paths:
- models.base

2020-09-27 15:12:29.456978 (AgentWriter): reported 35 traces in 0.00551s
2020-09-27 15:12:29.457233 (AgentWriter): initialized RateSampler, sample 100% of traces, 31 additional messages skipped
2020-09-27 15:12:29.612208 (Thread-27): handling status request
2020-09-27 15:12:29.612693 (Thread-27): Sending event: {'category': 'dbt', 'action': 'rpc_request', 'label': '27e7380c-b0a4-40fa-a943-feae0a06616b', 'context': [<snowplow_tracker.self_describing_json.SelfDescribingJson object at 0x7fa5073da7f0>]}
2020-09-27 15:12:29.613910 (Thread-27): sending response (<Response 1161 bytes [200 OK]>) to 10.0.47.163
2020-09-27 15:13:29.194445 (MainThread): writing 1 spans (enabled:True), 34 additional messages skipped
2020-09-27 15:13:29.195940 (MainThread): 
      name jinja2.compile
        id 12805244309187963898
  trace_id 11362372188797991562
 parent_id None
   service None
  resource <memory>
      type template
     start 1601219609.193781
       end 1601219609.194288
  duration 0.000507s
     error 0
      tags 
           jinja2.template_name:<memory>
           runtime-id:7e36ebb93cc14dd8bd6614809d83e421, 34 additional messages skipped
2020-09-27 15:13:29.267642 (Thread-28): For key bamboodata, hash mismatch (FileHash(name='sha256', checksum='30157199a8f1b2a5bf63fd4020baa498f9f981057867e4cae61592ead79f11e4') -> FileHash(name='sha256', checksum='6cdc30c4b9a9922548813ad8d29690f65ff80e9df1a08d04134d1005e60001c8')), cache invalidated
2020-09-27 15:13:29.306876 (Thread-28): Acquiring new bigquery connection "model.bamboodata.events".
2020-09-27 15:13:29.307049 (Thread-28): Opening a new connection, currently in state closed
2020-09-27 15:13:29.474080 (Thread-28): WARNING: Configuration paths exist in your dbt_project.yml file which do not apply to any resources.
There are 2 unused configuration paths:
- models.output
- models.base

2020-09-27 15:13:29.475998 (AgentWriter): reported 36 traces in 0.00637s
2020-09-27 15:13:29.476202 (AgentWriter): initialized RateSampler, sample 100% of traces, 31 additional messages skipped
2020-09-27 15:13:29.925228 (Thread-29): handling status request
2020-09-27 15:13:29.925767 (Thread-29): Sending event: {'category': 'dbt', 'action': 'rpc_request', 'label': '27e7380c-b0a4-40fa-a943-feae0a06616b', 'context': [<snowplow_tracker.self_describing_json.SelfDescribingJson object at 0x7fa50682c668>]}
2020-09-27 15:13:29.927009 (Thread-29): sending response (<Response 1670 bytes [200 OK]>) to 10.0.38.51
2020-09-27 15:14:18.412675 (Thread-30): handling status request
2020-09-27 15:14:18.414570 (Thread-30): Sending event: {'category': 'dbt', 'action': 'rpc_request', 'label': '27e7380c-b0a4-40fa-a943-feae0a06616b', 'context': [<snowplow_tracker.self_describing_json.SelfDescribingJson object at 0x7fa5068e80f0>]}
2020-09-27 15:14:18.415800 (Thread-30): sending response (<Response 1670 bytes [200 OK]>) to 10.0.27.68
2020-09-27 15:14:18.419536 (Thread-31): handling status request
2020-09-27 15:14:18.419880 (Thread-31): Sending event: {'category': 'dbt', 'action': 'rpc_request', 'label': '27e7380c-b0a4-40fa-a943-feae0a06616b', 'context': [<snowplow_tracker.self_describing_json.SelfDescribingJson object at 0x7fa5068de7f0>]}
2020-09-27 15:14:18.420993 (Thread-31): sending response (<Response 1670 bytes [200 OK]>) to 10.0.24.187
2020-09-27 15:14:18.873951 (Thread-32): handling cli_args request
2020-09-27 15:14:18.874438 (Thread-32): Sending event: {'category': 'dbt', 'action': 'rpc_request', 'label': '27e7380c-b0a4-40fa-a943-feae0a06616b', 'context': [<snowplow_tracker.self_describing_json.SelfDescribingJson object at 0x7fa5068de7f0>]}
2020-09-27 15:14:18.876852 (Thread-32): Checking header 'user-agent' tracing in whitelist set(), 44 additional messages skipped
2020-09-27 15:14:18.898754 (Thread-32): writing 1 spans (enabled:True), 35 additional messages skipped
2020-09-27 15:14:18.899009 (Thread-32): 
      name requests.request
        id 5749923555100351885
  trace_id 11886711785028961000
 parent_id None
   service requests
  resource requests.request
      type http
     start 1601219658.8765771
       end 1601219658.8986242
  duration 0.022047s
     error 0
      tags 
           http.method:POST
           http.status_code:200
           http.url:https://fishtownanalytics.sinter-collect.com/com.snowplowanalytics.snowplow/tp2
           runtime-id:7e36ebb93cc14dd8bd6614809d83e421, 35 additional messages skipped
2020-09-27 15:14:18.910900 (Thread-32): Connection 'model.bamboodata.events' was properly closed.
2020-09-27 15:14:19.495534 (AgentWriter): reported 1 traces in 0.00556s
2020-09-27 15:14:19.496119 (AgentWriter): initialized RateSampler, sample 100% of traces, 31 additional messages skipped
2020-09-27 15:14:19.872340 (Thread-32): sending response (<Response 137 bytes [200 OK]>) to 10.0.34.126
2020-09-27 15:14:19.931927 (MainThread): Partial parsing not enabled
2020-09-27 15:14:19.934047 (MainThread): Parsing macros/core.sql
2020-09-27 15:14:19.938786 (MainThread): Parsing macros/materializations/helpers.sql
2020-09-27 15:14:19.947183 (MainThread): Parsing macros/materializations/common/merge.sql
2020-09-27 15:14:19.961775 (MainThread): Parsing macros/materializations/table/table.sql
2020-09-27 15:14:19.969343 (MainThread): Parsing macros/materializations/view/create_or_replace_view.sql
2020-09-27 15:14:19.974401 (MainThread): Parsing macros/materializations/view/view.sql
2020-09-27 15:14:19.981073 (MainThread): Parsing macros/materializations/snapshot/snapshot.sql
2020-09-27 15:14:20.010289 (MainThread): Parsing macros/materializations/snapshot/strategies.sql
2020-09-27 15:14:20.027635 (MainThread): Parsing macros/materializations/snapshot/snapshot_merge.sql
2020-09-27 15:14:20.029592 (MainThread): Parsing macros/materializations/seed/seed.sql
2020-09-27 15:14:20.051732 (MainThread): Parsing macros/materializations/incremental/incremental.sql
2020-09-27 15:14:20.058453 (MainThread): Parsing macros/materializations/incremental/helpers.sql
2020-09-27 15:14:20.060444 (MainThread): Parsing macros/etc/query.sql
2020-09-27 15:14:20.061707 (MainThread): Parsing macros/etc/get_custom_schema.sql
2020-09-27 15:14:20.063893 (MainThread): Parsing macros/etc/get_custom_alias.sql
2020-09-27 15:14:20.065043 (MainThread): Parsing macros/etc/datetime.sql
2020-09-27 15:14:20.074792 (MainThread): Parsing macros/etc/get_custom_database.sql
2020-09-27 15:14:20.076703 (MainThread): Parsing macros/etc/is_incremental.sql
2020-09-27 15:14:20.079177 (MainThread): Parsing macros/adapters/common.sql
2020-09-27 15:14:20.130535 (MainThread): Parsing macros/schema_tests/relationships.sql
2020-09-27 15:14:20.131922 (MainThread): Parsing macros/schema_tests/unique.sql
2020-09-27 15:14:20.133257 (MainThread): Parsing macros/schema_tests/accepted_values.sql
2020-09-27 15:14:20.135359 (MainThread): Parsing macros/schema_tests/not_null.sql
2020-09-27 15:14:20.136657 (MainThread): Parsing macros/adapters.sql
2020-09-27 15:14:20.153954 (MainThread): Parsing macros/catalog.sql
2020-09-27 15:14:20.160245 (MainThread): Parsing macros/etc.sql
2020-09-27 15:14:20.161070 (MainThread): Parsing macros/materializations/incremental.sql
2020-09-27 15:14:20.174689 (MainThread): Parsing macros/materializations/snapshot.sql
2020-09-27 15:14:20.176677 (MainThread): Parsing macros/materializations/seed.sql
2020-09-27 15:14:20.179624 (MainThread): Parsing macros/materializations/table.sql
2020-09-27 15:14:20.190085 (MainThread): Parsing macros/materializations/view.sql
2020-09-27 15:14:20.195527 (MainThread): Partial parsing not enabled
2020-09-27 15:14:20.241250 (MainThread): Acquiring new bigquery connection "model.bamboodata.events".
2020-09-27 15:14:20.241378 (MainThread): Opening a new connection, currently in state init
2020-09-27 15:14:20.308479 (Thread-33): handling poll request
2020-09-27 15:14:20.309118 (Thread-33): Sending event: {'category': 'dbt', 'action': 'rpc_request', 'label': '27e7380c-b0a4-40fa-a943-feae0a06616b', 'context': [<snowplow_tracker.self_describing_json.SelfDescribingJson object at 0x7fa5073814e0>]}
2020-09-27 15:14:20.313986 (Thread-33): sending response (<Response 9907 bytes [200 OK]>) to 10.0.12.102
2020-09-27 15:14:20.426405 (MainThread): WARNING: Configuration paths exist in your dbt_project.yml file which do not apply to any resources.
There are 2 unused configuration paths:
- models.output
- models.base

2020-09-27 15:14:20.445775 (MainThread): Found 1 model, 0 tests, 0 snapshots, 0 analyses, 147 macros, 0 operations, 0 seed files, 0 sources
2020-09-27 15:14:20.446380 (MainThread): WARNING: Nothing to do. Try checking your model configs and model specification args
2020-09-27 15:14:21.759574 (Thread-34): handling poll request
2020-09-27 15:14:21.760082 (Thread-34): Sending event: {'category': 'dbt', 'action': 'rpc_request', 'label': '27e7380c-b0a4-40fa-a943-feae0a06616b', 'context': [<snowplow_tracker.self_describing_json.SelfDescribingJson object at 0x7fa5075a9470>]}
2020-09-27 15:14:21.761564 (Thread-34): sending response (<Response 1472 bytes [200 OK]>) to 10.0.38.51
2020-09-27 15:14:22.513174 (Thread-35): handling status request
2020-09-27 15:14:22.513661 (Thread-35): Sending event: {'category': 'dbt', 'action': 'rpc_request', 'label': '27e7380c-b0a4-40fa-a943-feae0a06616b', 'context': [<snowplow_tracker.self_describing_json.SelfDescribingJson object at 0x7fa5075a9320>]}
2020-09-27 15:14:22.515024 (Thread-35): sending response (<Response 1670 bytes [200 OK]>) to 10.0.2.56
2020-09-27 15:17:27.963188 (Thread-36): handling status request
2020-09-27 15:17:27.964806 (Thread-36): Sending event: {'category': 'dbt', 'action': 'rpc_request', 'label': '27e7380c-b0a4-40fa-a943-feae0a06616b', 'context': [<snowplow_tracker.self_describing_json.SelfDescribingJson object at 0x7fa5075a9320>]}
2020-09-27 15:17:27.966428 (Thread-36): sending response (<Response 1670 bytes [200 OK]>) to 10.0.36.169
